<?xml version="1.0" encoding="UTF-8"?><testsuite errors="0" failures="0" name="com.virgingames.currencyinfo.CurrencyTest" skipped="0" tests="3" time="5.79" timestamp="2023-08-17T14:10:08.286+01:00[Europe/London]"><testcase classname="com.virgingames.currencyinfo.CurrencyTest" name="Validate Currency EUR"/><testcase classname="com.virgingames.currencyinfo.CurrencyTest" name="Validate Currency GBP"/><testcase classname="com.virgingames.currencyinfo.CurrencyTest" name="Validate Currency SEK"/></testsuite>